http://mirrors.163.com/cygwin/;mirrors.163.com;Asia;China
http://mirrors.ustc.edu.cn/cygwin/;mirrors.ustc.edu.cn;Asia;China
ftp://ftp.iitm.ac.in/cygwin/;ftp.iitm.ac.in;Asia;India
http://kambing.ui.ac.id/cygwin/;kambing.ui.ac.id;Asia;Indonesia
http://mirror.isoc.org.il/pub/cygwin/;mirror.isoc.org.il;Asia;Israel
ftp://ftp.iij.ad.jp/pub/cygwin/;ftp.iij.ad.jp;Asia;Japan
ftp://ftp.jaist.ac.jp/pub/cygwin/;ftp.jaist.ac.jp;Asia;Japan
ftp://ftp.yz.yamagata-u.ac.jp/pub/cygwin/;ftp.yz.yamagata-u.ac.jp;Asia;Japan
http://ftp.iij.ad.jp/pub/cygwin/;ftp.iij.ad.jp;Asia;Japan
http://ftp.jaist.ac.jp/pub/cygwin/;ftp.jaist.ac.jp;Asia;Japan
http://ftp.yz.yamagata-u.ac.jp/pub/cygwin/;ftp.yz.yamagata-u.ac.jp;Asia;Japan
ftp://mirror-cybernet.lums.edu.pk/pub/cygwin/;mirror-cybernet.lums.edu.pk;Asia;Pakistan
http://mirror-cybernet.lums.edu.pk/pub/cygwin/;mirror-cybernet.lums.edu.pk;Asia;Pakistan
ftp://mirror.aarnet.edu.au/pub/sourceware/cygwin/;mirror.aarnet.edu.au;Australasia;Australia
http://mirror.aarnet.edu.au/pub/sourceware/cygwin/;mirror.aarnet.edu.au;Australasia;Australia
ftp://ucmirror.canterbury.ac.nz/pub/cygwin/;ucmirror.canterbury.ac.nz;Australasia;New Zealand
http://ucmirror.canterbury.ac.nz/cygwin/;ucmirror.canterbury.ac.nz;Australasia;New Zealand
http://mirror.cpsc.ucalgary.ca/mirror/cygwin.com/;mirror.cpsc.ucalgary.ca;Canada;Alberta
http://cygwin.parentingamerica.com/;cygwin.parentingamerica.com;Canada;Montreal
http://cygwin.skazkaforyou.com/;cygwin.skazkaforyou.com;Canada;Montreal
ftp://mirror.csclub.uwaterloo.ca/cygwin/;mirror.csclub.uwaterloo.ca;Canada;Ontario
http://mirror.csclub.uwaterloo.ca/cygwin/;mirror.csclub.uwaterloo.ca;Canada;Ontario
ftp://ftp.univie.ac.at/packages/cygwin/;ftp.univie.ac.at;Europe;Austria
ftp://gd.tuwien.ac.at/gnu/cygwin/;gd.tuwien.ac.at;Europe;Austria
http://ftp.univie.ac.at/packages/cygwin/;ftp.univie.ac.at;Europe;Austria
http://gd.tuwien.ac.at/gnu/cygwin/;gd.tuwien.ac.at;Europe;Austria
http://tweedo.com/mirror/cygwin/;tweedo.com;Europe;Austria
ftp://ftp.easynet.be/cygwin/;ftp.easynet.be;Europe;Belgium
ftp://mirrors.dotsrc.org/mirrors/cygwin/;mirrors.dotsrc.org;Europe;Denmark
http://mirrors.dotsrc.org/cygwin/;mirrors.dotsrc.org;Europe;Denmark
ftp://mirror.cict.fr/cygwin/;mirror.cict.fr;Europe;France
http://cygwin.cict.fr/;cygwin.cict.fr;Europe;France
ftp://artfiles.org/cygwin.org/pub/cygwin/;artfiles.org;Europe;Germany
ftp://ftp-stud.hs-esslingen.de/pub/Mirrors/sources.redhat.com/cygwin/;ftp-stud.hs-esslingen.de;Europe;Germany
ftp://ftp.gwdg.de/pub/linux/sources.redhat.com/cygwin/;ftp.gwdg.de;Europe;Germany
ftp://ftp.inf.tu-dresden.de/software/windows/cygwin32/;ftp.inf.tu-dresden.de;Europe;Germany
ftp://ftp.uni-kl.de/pub/windows/cygwin/;ftp.uni-kl.de;Europe;Germany
ftp://linux.rz.ruhr-uni-bochum.de/cygwin/;linux.rz.ruhr-uni-bochum.de;Europe;Germany
http://artfiles.org/cygwin.org/pub/cygwin/;artfiles.org;Europe;Germany
http://cygwin.basemirror.de/;cygwin.basemirror.de;Europe;Germany
http://cygwin.cybermirror.org/;cygwin.cybermirror.org;Europe;Germany
http://ftp-stud.hs-esslingen.de/pub/Mirrors/sources.redhat.com/cygwin/;ftp-stud.hs-esslingen.de;Europe;Germany
http://ftp.gwdg.de/pub/linux/sources.redhat.com/cygwin/;ftp.gwdg.de;Europe;Germany
http://ftp.inf.tu-dresden.de/software/windows/cygwin32/;ftp.inf.tu-dresden.de;Europe;Germany
http://ftp.uni-kl.de/pub/windows/cygwin/;ftp.uni-kl.de;Europe;Germany
http://linux.rz.ruhr-uni-bochum.de/download/cygwin/;linux.rz.ruhr-uni-bochum.de;Europe;Germany
ftp://ftp.ntua.gr/pub/pc/cygwin/;ftp.ntua.gr;Europe;Greece
http://ftp.cc.uoc.gr/mirrors/cygwin/;ftp.cc.uoc.gr;Europe;Greece
ftp://ftp.fsn.hu/pub/cygwin/;ftp.fsn.hu;Europe;Hungary
http://ftp.fsn.hu/pub/cygwin/;ftp.fsn.hu;Europe;Hungary
ftp://ftp.esat.net/mirrors/sources.redhat.com/pub/cygwin/;ftp.esat.net;Europe;Ireland
ftp://ftp.heanet.ie/pub/cygwin/;ftp.heanet.ie;Europe;Ireland
http://ftp.esat.net/mirrors/sources.redhat.com/pub/cygwin/;ftp.esat.net;Europe;Ireland
http://ftp.heanet.ie/pub/cygwin/;ftp.heanet.ie;Europe;Ireland
ftp://ftp.fedoramd.org/mirrors/cygwin/;ftp.fedoramd.org;Europe;Moldova
http://repo.fedoramd.org/mirrors/cygwin/;repo.fedoramd.org;Europe;Moldova
http://cygwin.xl-mirror.nl/;cygwin.xl-mirror.nl;Europe;Netherlands
ftp://cygwin.uib.no/pub/cygwin/;cygwin.uib.no;Europe;Norway
http://cygwin.uib.no/;cygwin.uib.no;Europe;Norway
ftp://ftp.piotrkosoft.net/pub/mirrors/cygwin/;ftp.piotrkosoft.net;Europe;Poland
ftp://ftp.eq.uc.pt/pub/software/pc/prog/cygwin/;ftp.eq.uc.pt;Europe;Portugal
ftp://mirrors.fe.up.pt/pub/cygwin/;mirrors.fe.up.pt;Europe;Portugal
http://ftp.eq.uc.pt/software/pc/prog/cygwin/;ftp.eq.uc.pt;Europe;Portugal
http://mirrors.fe.up.pt/pub/cygwin/;mirrors.fe.up.pt;Europe;Portugal
ftp://ftp.iasi.roedu.net/mirrors/cygwin.com/;ftp.iasi.roedu.net;Europe;Romania
http://mirrors.mojhosting.sk/cygwin/;mirrors.mojhosting.sk;Europe;Slovakia
ftp://ftp.rediris.es/mirror/cygwin/;ftp.rediris.es;Europe;Spain
http://ftp.rediris.es/mirror/cygwin/;ftp.rediris.es;Europe;Spain
ftp://ftp.sunet.se/pub/lang/cygwin/;ftp.sunet.se;Europe;Sweden
http://cygwin.homosu.net/;cygwin.homosu.net;Europe;Sweden
ftp://mirror.switch.ch/mirror/cygwin/;mirror.switch.ch;Europe;Switzerland
ftp://ftp.mirrorservice.org/sites/sourceware.org/pub/cygwin/;ftp.mirrorservice.org;Europe;UK
http://www.mirrorservice.org/sites/sourceware.org/pub/cygwin/;www.mirrorservice.org;Europe;UK
ftp://mirror7.vc.ukrtel.net/mirror/cygwin.com/;mirror7.vc.ukrtel.net;Europe;Ukraine
http://cygwin.vc.ukrtel.net/;cygwin.vc.ukrtel.net;Europe;Ukraine
ftp://mirror.mcs.anl.gov/pub/cygwin/;mirror.mcs.anl.gov;United States;Illinois
ftp://mirror.steadfast.net/cygwin/;mirror.steadfast.net;United States;Illinois
ftp://mirror.team-cymru.org/cygwin/;mirror.team-cymru.org;United States;Illinois
http://mirror.mcs.anl.gov/cygwin/;mirror.mcs.anl.gov;United States;Illinois
http://mirror.steadfast.net/cygwin/;mirror.steadfast.net;United States;Illinois
http://mirror.team-cymru.org/cygwin/;mirror.team-cymru.org;United States;Illinois
http://cygwin.petsads.us/;cygwin.petsads.us;United States;Missouri
ftp://cygwin.mirrors.pair.com/;cygwin.mirrors.pair.com;United States;Pennsylvania
http://cygwin.mirrors.hoobly.com/;cygwin.mirrors.hoobly.com;United States;Pennsylvania
http://cygwin.mirrors.pair.com/;cygwin.mirrors.pair.com;United States;Pennsylvania
http://cygwin.sixsigmaonline.org/;cygwin.sixsigmaonline.org;United States;Texas
ftp://mirrors.xmission.com/cygwin/;mirrors.xmission.com;United States;Utah
http://mirrors.xmission.com/cygwin/;mirrors.xmission.com;United States;Utah
ftp://mirror.cs.vt.edu/pub/cygwin/cygwin/;mirror.cs.vt.edu;United States;Virginia
http://mirror.cs.vt.edu/pub/cygwin/cygwin/;mirror.cs.vt.edu;United States;Virginia
ftp://sourceware.mirrors.tds.net/pub/sourceware.org/cygwin/;sourceware.mirrors.tds.net;United States;Wisconsin
http://sourceware.mirrors.tds.net/pub/sourceware.org/cygwin/;sourceware.mirrors.tds.net;United States;Wisconsin
